<?xml version="1.0" encoding="UTF-8"?>
<!-- Generated by org.testng.reporters.JUnitReportReporter -->
<testsuite hostname="TYSS-Dilip-Chakkarabani" failures="0" tests="8" name="com_powderRoom_BlogTest.BlogsTest" time="259.824" errors="0" timestamp="2025-06-07T16:48:09 IST" skipped="0">
  <testcase classname="com_powderRoom_BlogTest.BlogsTest" name="TC_Wl_08_validateBlogsDetailScreenUITest" time="38.294"/>
  <testcase classname="com_powderRoom_BlogTest.BlogsTest" name="TC_Wl_06_validateWolooPointsPopupTest" time="27.677"/>
  <testcase classname="com_powderRoom_BlogTest.BlogsTest" name="TC_Wl_01_validateScrollBlogsTest" time="38.473"/>
  <testcase classname="com_powderRoom_BlogTest.BlogsTest" name="TC_Wl_03_validateBlogCommentsTest" time="32.747"/>
  <testcase classname="com_powderRoom_BlogTest.BlogsTest" name="TC_Wl_05_validateShopNowFunctionalityTest" time="27.100"/>
  <testcase classname="com_powderRoom_BlogTest.BlogsTest" name="TC_Wl_02_validateCategoryTest" time="28.452"/>
  <testcase classname="com_powderRoom_BlogTest.BlogsTest" name="TC_Wl_04_validateShareFunctionalityTest" time="29.699"/>
  <testcase classname="com_powderRoom_BlogTest.BlogsTest" name="TC_Wl_07_validateWolooPointsPopupUIFunctionalityTest" time="37.382"/>
</testsuite> <!-- com_powderRoom_BlogTest.BlogsTest -->
