<?xml version="1.0" encoding="UTF-8"?>
<!-- Generated by org.testng.reporters.JUnitReportReporter -->
<testsuite hostname="TYSS-Dilip-Chakkarabani" failures="0" tests="8" name="com_powderRoom_LoginTest.BlogsTest" time="222.278" errors="0" timestamp="2025-06-06T19:21:47 IST" skipped="0">
  <testcase classname="com_powderRoom_LoginTest.BlogsTest" name="TC_Wl_04_validateShareFunctionalityTest" time="22.425"/>
  <testcase classname="com_powderRoom_LoginTest.BlogsTest" name="TC_Wl_07_validateWolooPointsPopupUIFunctionalityTest" time="28.503"/>
  <testcase classname="com_powderRoom_LoginTest.BlogsTest" name="TC_Wl_03_validateBlogCommentsTest" time="27.848"/>
  <testcase classname="com_powderRoom_LoginTest.BlogsTest" name="TC_Wl_08_validateBlogsDetailScreenUITest" time="40.488"/>
  <testcase classname="com_powderRoom_LoginTest.BlogsTest" name="TC_Wl_02_validateCategoryTest" time="24.407"/>
  <testcase classname="com_powderRoom_LoginTest.BlogsTest" name="TC_Wl_05_validateShopNowFunctionalityTest" time="22.152"/>
  <testcase classname="com_powderRoom_LoginTest.BlogsTest" name="TC_Wl_01_validateScrollBlogsTest" time="35.397"/>
  <testcase classname="com_powderRoom_LoginTest.BlogsTest" name="TC_Wl_06_validateWolooPointsPopupTest" time="21.058"/>
</testsuite> <!-- com_powderRoom_LoginTest.BlogsTest -->
